<?xml version="1.0" encoding="UTF-8"?>
<!-- Generated by org.testng.reporters.JUnitReportReporter -->
<testsuite hostname="TANMAY-PC" name="com.TestNG.Dec_ParallerExecutions.TestTwo" tests="2" failures="0" timestamp="26 Dec 2019 16:44:57 GMT" time="0.044" errors="0">
  <testcase name="testOne" time="0.038" classname="com.TestNG.Dec_ParallerExecutions.TestTwo"/>
  <testcase name="testTwo" time="0.006" classname="com.TestNG.Dec_ParallerExecutions.TestTwo"/>
</testsuite> <!-- com.TestNG.Dec_ParallerExecutions.TestTwo -->
