<?xml version="1.0" encoding="UTF-8"?>
<!-- Generated by org.testng.reporters.JUnitReportReporter -->
<testsuite hostname="TANMAY-PC" name="com.TestNG.Dec.DataProviderinSameClass" tests="2" failures="0" timestamp="26 Dec 2019 07:33:28 GMT" time="0.067" errors="0">
  <testcase name="GettingData" time="0.062" classname="com.TestNG.Dec.DataProviderinSameClass"/>
  <testcase name="GettingData" time="0.005" classname="com.TestNG.Dec.DataProviderinSameClass"/>
</testsuite> <!-- com.TestNG.Dec.DataProviderinSameClass -->
