<?xml version="1.0" encoding="UTF-8"?>
<!-- Generated by org.testng.reporters.JUnitReportReporter -->
<testsuite hostname="TANMAY-PC" name="com.TestNG.Dec_ParallerExecutions.TestFour" tests="2" failures="0" timestamp="26 Dec 2019 16:44:57 GMT" time="0.083" errors="0">
  <testcase name="testOne" time="0.074" classname="com.TestNG.Dec_ParallerExecutions.TestFour"/>
  <testcase name="testTwo" time="0.009" classname="com.TestNG.Dec_ParallerExecutions.TestFour"/>
</testsuite> <!-- com.TestNG.Dec_ParallerExecutions.TestFour -->
