<?xml version="1.0" encoding="UTF-8"?>
<!-- Generated by org.testng.reporters.JUnitReportReporter -->
<testsuite hostname="TANMAY-PC" name="com.TestNG.Dec_ParallerExecutions.TestOne" tests="2" failures="0" timestamp="26 Dec 2019 16:44:57 GMT" time="0.051" errors="0">
  <testcase name="testTwo" time="0.007" classname="com.TestNG.Dec_ParallerExecutions.TestOne"/>
  <testcase name="testOne" time="0.044" classname="com.TestNG.Dec_ParallerExecutions.TestOne"/>
</testsuite> <!-- com.TestNG.Dec_ParallerExecutions.TestOne -->
