<?xml version="1.0" encoding="UTF-8"?>
<!-- Generated by org.testng.reporters.JUnitReportReporter -->
<testsuite hostname="TANMAY-PC" name="com.TestNG.Dec.Groups.TestByGroups" tests="2" failures="0" timestamp="26 Dec 2019 15:55:10 GMT" time="0.121" errors="0">
  <testcase name="testTwo" time="0.011" classname="com.TestNG.Dec.Groups.TestByGroups"/>
  <testcase name="testThree" time="0.110" classname="com.TestNG.Dec.Groups.TestByGroups"/>
</testsuite> <!-- com.TestNG.Dec.Groups.TestByGroups -->
