<?xml version="1.0" encoding="UTF-8"?>
<!-- Generated by org.testng.reporters.JUnitReportReporter -->
<testsuite hostname="TANMAY-PC" name="com.TestNG.Dec_ParallerExecutions.ParalleExecutions" tests="2" failures="0" timestamp="26 Dec 2019 16:44:57 GMT" time="0.091" errors="0">
  <testcase name="testOne" time="0.085" classname="com.TestNG.Dec_ParallerExecutions.ParalleExecutions"/>
  <testcase name="testTwo" time="0.006" classname="com.TestNG.Dec_ParallerExecutions.ParalleExecutions"/>
</testsuite> <!-- com.TestNG.Dec_ParallerExecutions.ParalleExecutions -->
